<?xml version="1.0" encoding="UTF-8"?>
<testsuite name="service.ReviewServiceSpecification" tests="1" skipped="0" failures="1" errors="0" timestamp="2022-03-28T02:27:14" hostname="Maheshs-MBP.attlocal.net" time="0.573">
  <properties/>
  <testcase name="should be able to Save Review" classname="service.ReviewServiceSpecification" time="0.573">
    <failure message="org.spockframework.runtime.InvalidSpecException: Stub 'reviewRepo' matches the following required interaction:&#10;&#10;1 * reviewRepo.save(review)   (0 invocations)&#10;&#10;Remove the cardinality (e.g. '1 *'), or turn the stub into a mock.&#10;" type="org.spockframework.runtime.InvalidSpecException">org.spockframework.runtime.InvalidSpecException: Stub 'reviewRepo' matches the following required interaction:

1 * reviewRepo.save(review)   (0 invocations)

Remove the cardinality (e.g. '1 *'), or turn the stub into a mock.

	at org.spockframework.mock.constraint.TargetConstraint.setInteraction(TargetConstraint.java:57)
	at org.spockframework.mock.runtime.MockInteraction.&lt;init&gt;(MockInteraction.java:53)
	at org.spockframework.mock.runtime.InteractionBuilder.build(InteractionBuilder.java:187)
	at service.ReviewServiceSpecification.should be able to Save Review(ReviewServiceSpecification.groovy:29)
</failure>
  </testcase>
  <system-out><![CDATA[]]></system-out>
  <system-err><![CDATA[]]></system-err>
</testsuite>
